Method: GET;	Url: /favicon.ico; 	Status-code: 404; 	Content-Length: 150; 	Response-Time: 1.724ms; 	
------------------------------------------------------------------------------------------------------------------------------


Method: GET;	Url: /index/10%2F10%2F2022; 	Status-code: 404; 	Content-Length: 159; 	Response-Time: 1.303ms; 	
------------------------------------------------------------------------------------------------------------------------------


Method: GET;	Url: /index; 	Status-code: 404; 	Content-Length: 144; 	Response-Time: 1.669ms; 	
------------------------------------------------------------------------------------------------------------------------------


Method: GET;	Url: /index; 	Status-code: 404; 	Content-Length: 144; 	Response-Time: 1.280ms; 	
------------------------------------------------------------------------------------------------------------------------------


Method: GET;	Url: /index; 	Status-code: 404; 	Content-Length: 144; 	Response-Time: 0.371ms; 	
------------------------------------------------------------------------------------------------------------------------------


Method: GET;	Url: /index; 	Status-code: 404; 	Content-Length: 144; 	Response-Time: 0.177ms; 	
------------------------------------------------------------------------------------------------------------------------------


Method: GET;	Url: /index; 	Status-code: 404; 	Content-Length: 144; 	Response-Time: 0.194ms; 	
------------------------------------------------------------------------------------------------------------------------------


Method: GET;	Url: /index; 	Status-code: 404; 	Content-Length: 144; 	Response-Time: 5.978ms; 	
------------------------------------------------------------------------------------------------------------------------------


Method: GET;	Url: /index; 	Status-code: 404; 	Content-Length: 144; 	Response-Time: 0.718ms; 	
------------------------------------------------------------------------------------------------------------------------------


Method: GET;	Url: /index; 	Status-code: 404; 	Content-Length: 144; 	Response-Time: 0.422ms; 	
------------------------------------------------------------------------------------------------------------------------------


Method: GET;	Url: /index; 	Status-code: 404; 	Content-Length: 144; 	Response-Time: 2.660ms; 	
------------------------------------------------------------------------------------------------------------------------------


Method: GET;	Url: /api-doc; 	Status-code: 404; 	Content-Length: 146; 	Response-Time: 1.354ms; 	
------------------------------------------------------------------------------------------------------------------------------


